<?xml version="1.0" encoding="UTF-8"?>
<!-- Generated by org.testng.reporters.JUnitReportReporter -->
<testsuite skipped="0" hostname="DESKTOP-B0A316T" name="scripts.RefundRequestTest2" tests="1" failures="0" timestamp="28 Apr 2019 12:12:59 GMT" time="76.640" errors="0">
  <testcase name="refundRequestTest" time="76.640" classname="scripts.RefundRequestTest2"/>
</testsuite> <!-- scripts.RefundRequestTest2 -->
