<?xml version="1.0" encoding="UTF-8"?>
<!-- Generated by org.testng.reporters.JUnitReportReporter -->
<testsuite skipped="0" hostname="DESKTOP-B0A316T" name="scripts.RefundRequestTest" tests="1" failures="0" timestamp="29 Apr 2019 08:11:05 GMT" time="202.970" errors="0">
  <testcase name="testRefundRequest" time="202.970" classname="scripts.RefundRequestTest"/>
</testsuite> <!-- scripts.RefundRequestTest -->
